<?xml version="1.0" encoding="UTF-8"?>
<!-- Generated by org.testng.reporters.JUnitReportReporter -->
<testsuite hostname="DESKTOP-8PN6J7Q" failures="0" tests="2" name="EndToEndFramework.tests.ErrorValidationsTest" time="37.632" errors="0" timestamp="2022-12-11T13:15:54 IST" skipped="0">
  <testcase classname="EndToEndFramework.tests.ErrorValidationsTest" name="productErrorValidation" time="30.918"/>
  <system-out/>
  <testcase classname="EndToEndFramework.tests.ErrorValidationsTest" name="validateMesssage" time="6.714"/>
  <system-out/>
</testsuite> <!-- EndToEndFramework.tests.ErrorValidationsTest -->
